<?xml version="1.0" encoding="UTF-8"?>
<!-- Generated by org.testng.reporters.JUnitReportReporter -->
<testsuite hostname="Tushar" failures="0" tests="1" name="Labrary_File.BaseClass" time="3.745" errors="0" timestamp="2022-11-19T21:15:02 IST" skipped="0">
  <testcase classname="Labrary_File.BaseClass" name="initialisationOfBrowser" time="3.745"/>
  <system-out/>
</testsuite> <!-- Labrary_File.BaseClass -->
