<?xml version="1.0" encoding="UTF-8"?>
<!-- Generated by org.testng.reporters.JUnitReportReporter -->
<testsuite hostname="Tushar" failures="0" tests="1" name="Module1_UpstoxLogin_Test.browser" time="4.105" errors="0" timestamp="2022-11-19T15:42:01 IST" skipped="0">
  <testcase classname="Module1_UpstoxLogin_Test.browser" name="bro" time="4.105"/>
  <system-out/>
</testsuite> <!-- Module1_UpstoxLogin_Test.browser -->
